2022.10.17 10:11:50 INFO  tracing is disabled for protocol LSP, to enable tracing of incoming and outgoing JSON messages create an empty file at /home/lyes/Documents/work/entretiens/timeSeries/.metals/lsp.trace.json or /home/lyes/.cache/metals/lsp.trace.json
2022.10.17 10:11:52 INFO  logging to file /home/lyes/Documents/work/entretiens/timeSeries/.metals/metals.log
2022.10.17 10:11:52 INFO  Started: Metals version 0.11.9 in workspace '/home/lyes/Documents/work/entretiens/timeSeries' for client Visual Studio Code 1.72.0.
2022.10.17 10:11:58 INFO  time: initialize in 6.2s
2022.10.17 10:12:02 WARN  Build server is not auto-connectable.
2022.10.17 10:12:02 WARN  no build tool detected in workspace '/home/lyes/Documents/work/entretiens/timeSeries'. The most common cause for this problem is that the editor was opened in the wrong working directory, for example if you use sbt then the workspace directory should contain build.sbt. 
2022.10.17 10:12:02 WARN  no build target for: /home/lyes/Documents/work/entretiens/timeSeries/tmp.scala
Oct 17, 2022 10:12:03 AM org.eclipse.lsp4j.jsonrpc.RemoteEndpoint handleCancellation
WARNING: Unmatched cancel notification for request id 1
2022.10.17 10:12:16 INFO  no build target found for /home/lyes/Documents/work/entretiens/timeSeries/tmp.scala. Using presentation compiler with project's scala-library version: 3.2.0
Oct 17, 2022 10:12:17 AM org.eclipse.lsp4j.jsonrpc.RemoteEndpoint handleCancellation
WARNING: Unmatched cancel notification for request id 7
Oct 17, 2022 10:12:17 AM org.eclipse.lsp4j.jsonrpc.RemoteEndpoint handleCancellation
WARNING: Unmatched cancel notification for request id 9
2022.10.17 10:12:21 INFO  time: code lens generation in 18s
2022.10.17 10:12:21 INFO  time: code lens generation in 4.37s
2022.10.17 10:12:28 WARN  no build target for: /home/lyes/Documents/work/entretiens/timeSeries/tmp.scala
2022.10.17 10:13:12 INFO  shutting down Metals
2022.10.17 18:06:38 INFO  tracing is disabled for protocol LSP, to enable tracing of incoming and outgoing JSON messages create an empty file at /home/lyes/Documents/work/entretiens/timeSeries/.metals/lsp.trace.json or /home/lyes/.cache/metals/lsp.trace.json
2022.10.17 18:06:41 INFO  logging to file /home/lyes/Documents/work/entretiens/timeSeries/.metals/metals.log
2022.10.17 18:06:41 INFO  Started: Metals version 0.11.9 in workspace '/home/lyes/Documents/work/entretiens/timeSeries' for client Visual Studio Code 1.72.0.
2022.10.17 18:06:45 INFO  time: initialize in 4.38s
2022.10.17 18:06:49 WARN  Build server is not auto-connectable.
2022.10.17 18:06:49 WARN  no build tool detected in workspace '/home/lyes/Documents/work/entretiens/timeSeries'. The most common cause for this problem is that the editor was opened in the wrong working directory, for example if you use sbt then the workspace directory should contain build.sbt. 
2022.10.17 18:06:56 WARN  no build target for: /home/lyes/Documents/work/entretiens/timeSeries/tmp.scala
2022.10.17 18:07:07 INFO  no build target found for /home/lyes/Documents/work/entretiens/timeSeries/tmp.scala. Using presentation compiler with project's scala-library version: 3.2.0
2022.10.17 18:07:15 ERROR text document: file:///home/lyes/Documents/work/entretiens/timeSeries/tmp.scalajava.nio.file.NoSuchFileException: /home/lyes/Documents/work/entretiens/timeSeries/tmp.scala
	at sun.nio.fs.UnixException.translateToIOException(UnixException.java:92)
	at sun.nio.fs.UnixException.rethrowAsIOException(UnixException.java:111)
	at sun.nio.fs.UnixException.rethrowAsIOException(UnixException.java:116)
	at sun.nio.fs.UnixFileSystemProvider.newByteChannel(UnixFileSystemProvider.java:219)
	at java.nio.file.Files.newByteChannel(Files.java:371)
	at java.nio.file.Files.newByteChannel(Files.java:422)
	at java.nio.file.Files.readAllBytes(Files.java:3206)
	at scala.meta.internal.io.PlatformFileIO$.slurp(PlatformFileIO.scala:45)
	at scala.meta.internal.io.FileIO$.slurp(FileIO.scala:24)
	at scala.meta.internal.metals.InteractiveSemanticdbs.$anonfun$textDocument$2(InteractiveSemanticdbs.scala:90)
	at scala.Option.getOrElse(Option.scala:201)
	at scala.meta.internal.metals.InteractiveSemanticdbs.$anonfun$textDocument$1(InteractiveSemanticdbs.scala:90)
	at java.util.HashMap.compute(HashMap.java:1229)
	at java.util.Collections$SynchronizedMap.compute(Collections.java:2692)
	at scala.meta.internal.metals.InteractiveSemanticdbs.textDocument(InteractiveSemanticdbs.scala:89)
	at scala.meta.internal.metals.InteractiveSemanticdbs.textDocument(InteractiveSemanticdbs.scala:63)
	at scala.meta.internal.metals.AggregateSemanticdbs.loop$1(AggregateSemanticdbs.scala:30)
	at scala.meta.internal.metals.AggregateSemanticdbs.textDocument(AggregateSemanticdbs.scala:36)
	at scala.meta.internal.metals.CodeLensProvider.findLenses(CodeLensProvider.scala:22)
	at scala.meta.internal.metals.MetalsLanguageServer.$anonfun$codeLens$2(MetalsLanguageServer.scala:1744)
	at scala.meta.internal.metals.TimerProvider.timedThunk(TimerProvider.scala:25)
	at scala.meta.internal.metals.MetalsLanguageServer.$anonfun$codeLens$1(MetalsLanguageServer.scala:1742)
	at scala.meta.internal.metals.CancelTokens$.$anonfun$apply$2(CancelTokens.scala:26)
	at scala.concurrent.Future$.$anonfun$apply$1(Future.scala:678)
	at scala.concurrent.impl.Promise$Transformation.run(Promise.scala:467)
	at java.util.concurrent.ThreadPoolExecutor.runWorker(ThreadPoolExecutor.java:1128)
	at java.util.concurrent.ThreadPoolExecutor$Worker.run(ThreadPoolExecutor.java:628)
	at java.lang.Thread.run(Thread.java:829)

2022.10.17 18:07:15 INFO  time: code lens generation in 17s
2022.10.18 19:51:45 INFO  shutting down Metals
